<?xml version="1.0" encoding="UTF-8"?>
<!-- Generated by org.testng.reporters.JUnitReportReporter -->
<testsuite hostname="MDTR10" name="com.testng.mav.TestNg4" tests="1" failures="0" timestamp="17 Sep 2019 10:03:50 GMT" time="9.603" errors="0">
  <testcase name="test1" time="9.603" classname="com.testng.mav.TestNg4"/>
</testsuite> <!-- com.testng.mav.TestNg4 -->
