<?xml version="1.0" encoding="UTF-8"?>
<!-- Generated by org.testng.reporters.JUnitReportReporter -->
<testsuite hostname="MDTR10" name="com.testng.mav.TestNG_Demo" tests="1" failures="0" timestamp="16 Sep 2019 08:39:39 GMT" time="4.428" errors="0">
  <testcase name="test2" time="4.428" classname="com.testng.mav.TestNG_Demo"/>
</testsuite> <!-- com.testng.mav.TestNG_Demo -->
