<?xml version="1.0" encoding="UTF-8"?>
<!-- Generated by org.testng.reporters.JUnitReportReporter -->
<testsuite hostname="MDTR10" name="com.testng.mav.TestNg_demo3" tests="2" failures="0" timestamp="17 Sep 2019 06:16:47 GMT" time="114.592" errors="0">
  <testcase name="test3" time="35.430" classname="com.testng.mav.TestNg_demo3"/>
  <testcase name="test2" time="79.162" classname="com.testng.mav.TestNg_demo3"/>
</testsuite> <!-- com.testng.mav.TestNg_demo3 -->
