<?xml version="1.0" encoding="UTF-8"?>
<!-- Generated by org.testng.reporters.JUnitReportReporter -->
<testsuite hostname="MDTR10" name="com.testng.mav.Testng_demo2" tests="1" failures="0" timestamp="16 Sep 2019 09:15:06 GMT" time="14.884" errors="0">
  <testcase name="test2" time="14.884" classname="com.testng.mav.Testng_demo2"/>
</testsuite> <!-- com.testng.mav.Testng_demo2 -->
