<?xml version="1.0" encoding="UTF-8"?>
<!-- Generated by org.testng.reporters.JUnitReportReporter -->
<testsuite hostname="MDTR10" name="com.testng.mav.DataProviderDemo" tests="2" failures="0" timestamp="17 Sep 2019 10:26:11 GMT" time="0.031" errors="0">
  <testcase name="fun1" time="0.003" classname="com.testng.mav.DataProviderDemo"/>
  <testcase name="fun1" time="0.028" classname="com.testng.mav.DataProviderDemo"/>
</testsuite> <!-- com.testng.mav.DataProviderDemo -->
