<?xml version="1.0" encoding="UTF-8"?>
<!-- Generated by org.testng.reporters.JUnitReportReporter -->
<testsuite hostname="MDTR10" name="com.selenium.grid.GridDemo2" tests="1" failures="0" timestamp="18 Sep 2019 08:26:23 GMT" time="10.826" errors="0">
  <testcase name="test2" time="10.826" classname="com.selenium.grid.GridDemo2"/>
</testsuite> <!-- com.selenium.grid.GridDemo2 -->
